
> github-action-ssh-backend@1.0.0 start
> node src/index.js

github-action-ssh-backend listening on 80

> github-action-ssh-backend@1.0.0 start
> node src/index.js

github-action-ssh-backend listening on 80

> github-action-ssh-backend@1.0.0 start
> node src/index.js

github-action-ssh-backend listening on 80

> github-action-ssh-backend@1.0.0 start
> node src/index.js

github-action-ssh-backend listening on 80
node:internal/modules/cjs/loader:1386
  throw err;
  ^

Error: Cannot find module '/home/chunix/workspace/uncategorized/github-action-ssh/backend/backend/src/index.js'
    at Function._resolveFilename (node:internal/modules/cjs/loader:1383:15)
    at defaultResolveImpl (node:internal/modules/cjs/loader:1025:19)
    at resolveForCJSWithHooks (node:internal/modules/cjs/loader:1030:22)
    at Function._load (node:internal/modules/cjs/loader:1192:37)
    at TracingChannel.traceSync (node:diagnostics_channel:328:14)
    at wrapModuleLoad (node:internal/modules/cjs/loader:237:24)
    at Function.executeUserEntryPoint [as runMain] (node:internal/modules/run_main:171:5)
    at node:internal/main/run_main_module:36:49 {
  code: 'MODULE_NOT_FOUND',
  requireStack: []
}

Node.js v22.22.1
Process will exit at 1773318141
github-action-ssh-backend listening on 80
Port 80 requires root privileges
Process will exit at 1773318197
github-action-ssh-backend listening on 80
Session ended. Shutting down.
sudo: a terminal is required to read the password; either use the -S option to read from standard input or configure an askpass helper
sudo: a password is required
sudo: a terminal is required to read the password; either use the -S option to read from standard input or configure an askpass helper
sudo: a password is required
